<?xml version="1.0" encoding="UTF-8"?>
<testsuite name="io.jacob.episodive.core.caption.text.CaptionLanguageTagTest" tests="4" skipped="0" failures="0" errors="0" timestamp="2026-09-23T07:40:29.203Z" hostname="MacBookPro" time="0.0">
  <properties/>
  <testcase name="region and casing are stripped" classname="io.jacob.episodive.core.caption.text.CaptionLanguageTagTest" time="0.0"/>
  <testcase name="surrounding whitespace is trimmed" classname="io.jacob.episodive.core.caption.text.CaptionLanguageTagTest" time="0.0"/>
  <testcase name="blank or null tag is null" classname="io.jacob.episodive.core.caption.text.CaptionLanguageTagTest" time="0.0"/>
  <testcase name="plain primary subtag passes through lowercased" classname="io.jacob.episodive.core.caption.text.CaptionLanguageTagTest" time="0.0"/>
  <system-out><![CDATA[]]></system-out>
  <system-err><![CDATA[]]></system-err>
</testsuite>
