<?xml version="1.0" encoding="UTF-8"?>
<testsuite name="io.jacob.episodive.core.caption.engine.RecognizerCacheTest" tests="5" skipped="0" failures="0" errors="0" timestamp="2026-09-23T07:40:29.196Z" hostname="MacBookPro" time="0.006">
  <properties/>
  <testcase name="a successful load clears the loading marker so a later failure is treated as the first, not the second" classname="io.jacob.episodive.core.caption.engine.RecognizerCacheTest" time="0.002"/>
  <testcase name="acquire creates a recognizer and release schedules a close after the keep-alive window" classname="io.jacob.episodive.core.caption.engine.RecognizerCacheTest" time="0.001"/>
  <testcase name="acquiring a different language closes the previous one immediately" classname="io.jacob.episodive.core.caption.engine.RecognizerCacheTest" time="0.001"/>
  <testcase name="re-acquiring the same language within the keep-alive window reuses the instance and cancels the close" classname="io.jacob.episodive.core.caption.engine.RecognizerCacheTest" time="0.001"/>
  <testcase name="a single failure is transient, but two consecutive incomplete loads make the model unloadable" classname="io.jacob.episodive.core.caption.engine.RecognizerCacheTest" time="0.001"/>
  <system-out><![CDATA[]]></system-out>
  <system-err><![CDATA[]]></system-err>
</testsuite>
