<?xml version="1.0" encoding="UTF-8"?>
<testsuite name="io.jacob.episodive.core.caption.asset.CaptionModelRegistryTest" tests="6" skipped="0" failures="0" errors="0" timestamp="2026-09-23T07:40:29.113Z" hostname="MacBookPro" time="0.003">
  <properties/>
  <testcase name="spec id matches language value" classname="io.jacob.episodive.core.caption.asset.CaptionModelRegistryTest" time="0.001"/>
  <testcase name="maxLineChars is positive" classname="io.jacob.episodive.core.caption.asset.CaptionModelRegistryTest" time="0.001"/>
  <testcase name="assetUrl builds huggingface resolve url" classname="io.jacob.episodive.core.caption.asset.CaptionModelRegistryTest" time="0.0"/>
  <testcase name="every asset file has a 64-char hex sha256" classname="io.jacob.episodive.core.caption.asset.CaptionModelRegistryTest" time="0.001"/>
  <testcase name="every asset file has a positive size" classname="io.jacob.episodive.core.caption.asset.CaptionModelRegistryTest" time="0.0"/>
  <testcase name="every CaptionLanguage has a registered spec" classname="io.jacob.episodive.core.caption.asset.CaptionModelRegistryTest" time="0.0"/>
  <system-out><![CDATA[]]></system-out>
  <system-err><![CDATA[]]></system-err>
</testsuite>
