<?xml version="1.0" encoding="UTF-8"?>
<testsuite name="io.jacob.episodive.core.caption.asset.CaptionModelStoreTest" tests="6" skipped="0" failures="0" errors="0" timestamp="2026-09-23T07:40:29.118Z" hostname="MacBookPro" time="0.011">
  <properties/>
  <testcase name="파일 하나라도 크기가 다르면 설치된 것이 아니다" classname="io.jacob.episodive.core.caption.asset.CaptionModelStoreTest" time="0.002"/>
  <testcase name="downloadedBytes 는 완성 파일과 part 파일 길이를 합친다" classname="io.jacob.episodive.core.caption.asset.CaptionModelStoreTest" time="0.001"/>
  <testcase name="invalidate 는 언어 디렉터리를 통째로 지운다" classname="io.jacob.episodive.core.caption.asset.CaptionModelStoreTest" time="0.002"/>
  <testcase name="레지스트리에 없는 디렉터리는 pruneUnregistered 가 지운다" classname="io.jacob.episodive.core.caption.asset.CaptionModelStoreTest" time="0.001"/>
  <testcase name="모든 최종 파일이 있고 크기가 같으면 설치된 것으로 본다" classname="io.jacob.episodive.core.caption.asset.CaptionModelStoreTest" time="0.003"/>
  <testcase name="설치되지 않은 스펙은 installed 가 null" classname="io.jacob.episodive.core.caption.asset.CaptionModelStoreTest" time="0.001"/>
  <system-out><![CDATA[]]></system-out>
  <system-err><![CDATA[]]></system-err>
</testsuite>
