<?xml version="1.0" encoding="UTF-8"?>
<testsuite name="io.jacob.episodive.core.caption.engine.LiveCaptionEngineTest" tests="6" skipped="0" failures="0" errors="0" timestamp="2026-09-23T07:40:29.133Z" hostname="MacBookPro" time="0.06">
  <properties/>
  <testcase name="same source and device language means no translator is created" classname="io.jacob.episodive.core.caption.engine.LiveCaptionEngineTest" time="0.043"/>
  <testcase name="a segment change closes the previous stream and opens a new one, one rate per stream" classname="io.jacob.episodive.core.caption.engine.LiveCaptionEngineTest" time="0.003"/>
  <testcase name="translator factory 가 예외를 던져도 캡처를 멈추고 인식기를 반납한다" classname="io.jacob.episodive.core.caption.engine.LiveCaptionEngineTest" time="0.004"/>
  <testcase name="endpoint finalizes the line and attaches a translation when languages differ" classname="io.jacob.episodive.core.caption.engine.LiveCaptionEngineTest" time="0.004"/>
  <testcase name="cancelling the collection stops capture and returns the recognizer to the cache" classname="io.jacob.episodive.core.caption.engine.LiveCaptionEngineTest" time="0.004"/>
  <testcase name="인식기 로드가 일시 실패하면 Unloadable 을 보내지 않고 세션만 조용히 끝낸다" classname="io.jacob.episodive.core.caption.engine.LiveCaptionEngineTest" time="0.002"/>
  <system-out><![CDATA[]]></system-out>
  <system-err><![CDATA[]]></system-err>
</testsuite>
