<?xml version="1.0" encoding="UTF-8"?>
<testsuite name="io.jacob.episodive.core.caption.text.CaptionTextNormalizerTest" tests="9" skipped="0" failures="0" errors="0" timestamp="2026-09-23T07:40:29.206Z" hostname="MacBookPro" time="0.0">
  <properties/>
  <testcase name="empty token list normalizes to an empty string" classname="io.jacob.episodive.core.caption.text.CaptionTextNormalizerTest" time="0.0"/>
  <testcase name="a lowercase i inside a longer word is not capitalized" classname="io.jacob.episodive.core.caption.text.CaptionTextNormalizerTest" time="0.0"/>
  <testcase name="Korean strips the space before sentence punctuation" classname="io.jacob.episodive.core.caption.text.CaptionTextNormalizerTest" time="0.0"/>
  <testcase name="a standalone whitespace token separates fragments of a new English word" classname="io.jacob.episodive.core.caption.text.CaptionTextNormalizerTest" time="0.0"/>
  <testcase name="Korean tokens with leading-space and bullet markers join into one spaced sentence" classname="io.jacob.episodive.core.caption.text.CaptionTextNormalizerTest" time="0.0"/>
  <testcase name="bullet word boundary marker behaves the same as a leading space" classname="io.jacob.episodive.core.caption.text.CaptionTextNormalizerTest" time="0.0"/>
  <testcase name="a standalone whitespace token still marks the next token as a new word" classname="io.jacob.episodive.core.caption.text.CaptionTextNormalizerTest" time="0.0"/>
  <testcase name="English output is lowercased and capitalized only at utterance start" classname="io.jacob.episodive.core.caption.text.CaptionTextNormalizerTest" time="0.0"/>
  <testcase name="standalone i and its contractions are capitalized in English" classname="io.jacob.episodive.core.caption.text.CaptionTextNormalizerTest" time="0.0"/>
  <system-out><![CDATA[]]></system-out>
  <system-err><![CDATA[]]></system-err>
</testsuite>
