<?xml version="1.0" encoding="UTF-8"?>
<testsuite name="io.jacob.episodive.core.caption.text.CaptionLineTrackerTest" tests="8" skipped="0" failures="0" errors="0" timestamp="2026-09-23T07:40:29.204Z" hostname="MacBookPro" time="0.001">
  <properties/>
  <testcase name="endpoint finalizes everything remaining and resets for the next utterance" classname="io.jacob.episodive.core.caption.text.CaptionLineTrackerTest" time="0.0"/>
  <testcase name="segment reset also starts a new lineId without finalizing anything" classname="io.jacob.episodive.core.caption.text.CaptionLineTrackerTest" time="0.0"/>
  <testcase name="endpoint with nothing left emits no line" classname="io.jacob.episodive.core.caption.text.CaptionLineTrackerTest" time="0.0"/>
  <testcase name="cutting right after a standalone whitespace token keeps both sides intact" classname="io.jacob.episodive.core.caption.text.CaptionLineTrackerTest" time="0.001"/>
  <testcase name="remaining text within the limit only produces a partial line" classname="io.jacob.episodive.core.caption.text.CaptionLineTrackerTest" time="0.0"/>
  <testcase name="a single word longer than the limit is not force-cut" classname="io.jacob.episodive.core.caption.text.CaptionLineTrackerTest" time="0.0"/>
  <testcase name="already committed tokens are not re-emitted on later calls" classname="io.jacob.episodive.core.caption.text.CaptionLineTrackerTest" time="0.0"/>
  <testcase name="overflow cuts at the last word boundary that still fits, not mid-word" classname="io.jacob.episodive.core.caption.text.CaptionLineTrackerTest" time="0.0"/>
  <system-out><![CDATA[]]></system-out>
  <system-err><![CDATA[]]></system-err>
</testsuite>
